
Plan: 79 file operations
DRY   DBZ - 198 Big Trouble, Little Trunks.avi
   -> /media/madmaxlgndklr/media31/Shows/Dragonball Z/Season 07/Dragonball Z - S07E04 - Big Trouble, Little Trunks.avi
DRY   DBZ - 199 Who Will Fight Who.avi
   -> /media/madmaxlgndklr/media31/Shows/Dragonball Z/Season 07/Dragonball Z - S07E05 - Who Will Fight Who.avi
DRY   DBZ - 200 Forfeit Of Piccolo.avi
   -> /media/madmaxlgndklr/media31/Shows/Dragonball Z/Season 07/Dragonball Z - S07E06 - Forfeit of Piccolo.avi
DRY   DBZ - 201 A Dark And Secret Power.avi
   -> /media/madmaxlgndklr/media31/Shows/Dragonball Z/Season 07/Dragonball Z - S07E07 - A Dark and Secret Power.avi
DRY   DBZ - 202 Videl Is Crushed.avi
   -> /media/madmaxlgndklr/media31/Shows/Dragonball Z/Season 07/Dragonball Z - S07E08 - Videl Is Crushed.avi
DRY   DBZ - 203 Identities Revealed.avi
   -> /media/madmaxlgndklr/media31/Shows/Dragonball Z/Season 07/Dragonball Z - S07E09 - Identities Revealed.avi
DRY   DBZ - 204 Energy Drain.avi
   -> /media/madmaxlgndklr/media31/Shows/Dragonball Z/Season 07/Dragonball Z - S07E10 - Energy Drain.avi
DRY   DBZ - 205 - The Wizards Curse.avi
   -> /media/madmaxlgndklr/media31/Shows/Dragonball Z/Season 07/Dragonball Z - S07E11 - The Wizard's Curse.avi
DRY   DBZ - 206 - King Of The Demons.avi
   -> /media/madmaxlgndklr/media31/Shows/Dragonball Z/Season 07/Dragonball Z - S07E12 - King of the Demons.avi
DRY   DBZ - 207 Vegeta attacks.avi
   -> /media/madmaxlgndklr/media31/Shows/Dragonball Z/Season 07/Dragonball Z - S07E13 - Vegeta Attacks.avi
DRY   DBZ - 208 Next Up Goku.avi
   -> /media/madmaxlgndklr/media31/Shows/Dragonball Z/Season 07/Dragonball Z - S07E14 - Next Up, Goku.avi
DRY   DBZ - 209 Battle Supreme.avi
   -> /media/madmaxlgndklr/media31/Shows/Dragonball Z/Season 07/Dragonball Z - S07E15 - Battle Supreme.avi
DRY   DBZ - 210 Eighteen Unmasks.avi
   -> /media/madmaxlgndklr/media31/Shows/Dragonball Z/Season 07/Dragonball Z - S07E16 - Eighteen Unmasks.avi
DRY   DBZ - 211 - Pay To Win.avi
   -> /media/madmaxlgndklr/media31/Shows/Dragonball Z/Season 07/Dragonball Z - S07E17 - Pay to Win.avi
DRY   DBZ - 212 - Heart of a Villain.avi
   -> /media/madmaxlgndklr/media31/Shows/Dragonball Z/Season 07/Dragonball Z - S07E18 - Heart of a Villain.avi
DRY   DBZ - 213 The Dark Prince Returns.avi
   -> /media/madmaxlgndklr/media31/Shows/Dragonball Z/Season 07/Dragonball Z - S07E19 - The Dark Prince Returns.avi
DRY   DBZ - 214 - Vegeta's Pride.avi
   -> /media/madmaxlgndklr/media31/Shows/Dragonball Z/Season 07/Dragonball Z - S07E20 - Vegeta's Pride.avi
DRY   DBZ - 215 The Long Awaited Fight.avi
   -> /media/madmaxlgndklr/media31/Shows/Dragonball Z/Season 07/Dragonball Z - S07E21 - The Long Awaited Fight.avi
DRY   DBZ - 216 Magic Ball Of Buu.avi
   -> /media/madmaxlgndklr/media31/Shows/Dragonball Z/Season 07/Dragonball Z - S07E22 - Magic Ball of Buu.avi
DRY   DBZ - 217 Buu Is Hatched.avi
   -> /media/madmaxlgndklr/media31/Shows/Dragonball Z/Season 07/Dragonball Z - S07E23 - Buu Is Hatched.avi
DRY   DBZ - 218 The Losses Begin.avi
   -> /media/madmaxlgndklr/media31/Shows/Dragonball Z/Season 07/Dragonball Z - S07E24 - The Losses Begin.avi
DRY   DBZ - 219 The Terror of Mr. Buu.avi
   -> /media/madmaxlgndklr/media31/Shows/Dragonball Z/Season 07/Dragonball Z - S07E25 - The Terror of Mr. Buu.avi
DRY   DBZ - 220 Meal Time.avi
   -> /media/madmaxlgndklr/media31/Shows/Dragonball Z/Season 08/Dragonball Z - S08E01 - Meal Time.avi
DRY   DBZ - 221 - The Warriors Decision.avi
   -> /media/madmaxlgndklr/media31/Shows/Dragonball Z/Season 08/Dragonball Z - S08E02 - The Warrior's Decision.avi
DRY   DBZ - 222 Final Atonement.avi
   -> /media/madmaxlgndklr/media31/Shows/Dragonball Z/Season 08/Dragonball Z - S08E03 - Final Atonement.avi
DRY   DBZ - 223 Evil Lives On.avi
   -> /media/madmaxlgndklr/media31/Shows/Dragonball Z/Season 08/Dragonball Z - S08E04 - Evil Lives On.avi
DRY   DBZ - 224 - Find The Dragonballs [AHQ].avi
   -> /media/madmaxlgndklr/media31/Shows/Dragonball Z/Season 08/Dragonball Z - S08E05 - Find the Dragonballs.avi
DRY   DBZ - 225 Revival.avi
   -> /media/madmaxlgndklr/media31/Shows/Dragonball Z/Season 08/Dragonball Z - S08E06 - Revival.avi
DRY   DBZ - 226 Global Announcement.avi
   -> /media/madmaxlgndklr/media31/Shows/Dragonball Z/Season 08/Dragonball Z - S08E07 - Global Announcement.avi
DRY   DBZ - 227 Learn To Fuse.avi
   -> /media/madmaxlgndklr/media31/Shows/Dragonball Z/Season 08/Dragonball Z - S08E08 - Learn to Fuse.avi
DRY   DBZ - 228 The Z Sword.avi
   -> /media/madmaxlgndklr/media31/Shows/Dragonball Z/Season 08/Dragonball Z - S08E09 - The Z Sword.avi
DRY   DBZ - 229 Race To Capsule Corp.avi
   -> /media/madmaxlgndklr/media31/Shows/Dragonball Z/Season 08/Dragonball Z - S08E10 - Race to Capsule Corp.avi
DRY   DBZ - 230 Super Saiyan 3.avi
   -> /media/madmaxlgndklr/media31/Shows/Dragonball Z/Season 08/Dragonball Z - S08E11 - Super Saiyan 3.avi
DRY   DBZ - 231 Buu's Mutiny.avi
   -> /media/madmaxlgndklr/media31/Shows/Dragonball Z/Season 08/Dragonball Z - S08E12 - Buu's Mutiny.avi
DRY   DBZ - 232 The Fusion Dance.avi
   -> /media/madmaxlgndklr/media31/Shows/Dragonball Z/Season 08/Dragonball Z - S08E13 - The Fusion Dance.avi
DRY   DBZ - 233 Goku's Time Is Up.avi
   -> /media/madmaxlgndklr/media31/Shows/Dragonball Z/Season 08/Dragonball Z - S08E14 - Goku's Time Is Up.avi
DRY   DBZ - 234 Return To The Other World.avi
   -> /media/madmaxlgndklr/media31/Shows/Dragonball Z/Season 08/Dragonball Z - S08E15 - Return to the Other World.avi
DRY   DBZ - 235 Out From The Broken Sword.avi
   -> /media/madmaxlgndklr/media31/Shows/Dragonball Z/Season 08/Dragonball Z - S08E16 - Out From the Broken Sword.avi
DRY   DBZ - 236 Gotenks Is Born.avi
   -> /media/madmaxlgndklr/media31/Shows/Dragonball Z/Season 08/Dragonball Z - S08E17 - Gotenks Is Born.avi
DRY   DBZ - 237 Unlikely Friendship.avi
   -> /media/madmaxlgndklr/media31/Shows/Dragonball Z/Season 08/Dragonball Z - S08E18 - Unlikely Friendship.avi
DRY   DBZ - 238 I Kill No More.avi
   -> /media/madmaxlgndklr/media31/Shows/Dragonball Z/Season 08/Dragonball Z - S08E19 - I Kill No More.avi
DRY   DBZ - 239 The Evil Of Men.avi
   -> /media/madmaxlgndklr/media31/Shows/Dragonball Z/Season 08/Dragonball Z - S08E20 - The Evil of Men.avi
DRY   DBZ - 240 Buu Against Buu.avi
   -> /media/madmaxlgndklr/media31/Shows/Dragonball Z/Season 08/Dragonball Z - S08E21 - Buu Against Buu.avi
DRY   DBZ - 241 Empty Planet.avi
   -> /media/madmaxlgndklr/media31/Shows/Dragonball Z/Season 08/Dragonball Z - S08E22 - Empty Planet.avi
DRY   DBZ - 242 Time Struggle.avi
   -> /media/madmaxlgndklr/media31/Shows/Dragonball Z/Season 08/Dragonball Z - S08E23 - Time Struggle.avi
DRY   DBZ - 243 Super Moves Of Gotenks.avi
   -> /media/madmaxlgndklr/media31/Shows/Dragonball Z/Season 08/Dragonball Z - S08E24 - Super Moves of Gotenks.avi
DRY   DBZ - 244 Trapped In Forever.avi
   -> /media/madmaxlgndklr/media31/Shows/Dragonball Z/Season 08/Dragonball Z - S08E25 - Trapped in Forever.avi
DRY   DBZ - 245 Feeding Frenzy.avi
   -> /media/madmaxlgndklr/media31/Shows/Dragonball Z/Season 08/Dragonball Z - S08E26 - Feeding Frenzy.avi
DRY   DBZ - 246 Gotenks Is Awesome!.avi
   -> /media/madmaxlgndklr/media31/Shows/Dragonball Z/Season 08/Dragonball Z - S08E27 - Gotenks Is Awesome!.avi
DRY   DBZ - 247 Unlucky Break.avi
   -> /media/madmaxlgndklr/media31/Shows/Dragonball Z/Season 08/Dragonball Z - S08E28 - Unlucky Break.avi
DRY   DBZ - 248 A Whole New Gohan.avi
   -> /media/madmaxlgndklr/media31/Shows/Dragonball Z/Season 08/Dragonball Z - S08E29 - A Whole New Gohan.avi
DRY   DBZ - 249 Search For Survivors.avi
   -> /media/madmaxlgndklr/media31/Shows/Dragonball Z/Season 08/Dragonball Z - S08E30 - Search for Survivors.avi
DRY   DBZ - 250 Majin Buu Transforms.avi
   -> /media/madmaxlgndklr/media31/Shows/Dragonball Z/Season 08/Dragonball Z - S08E31 - Majin Buu Transforms.avi
DRY   DBZ - 251The Old Kai's Weapon.avi
   -> /media/madmaxlgndklr/media31/Shows/Dragonball Z/Season 08/Dragonball Z - S08E32 - The Old Kai's Weapon.avi
DRY   DBZ - 252 Ready To Fuse.avi
   -> /media/madmaxlgndklr/media31/Shows/Dragonball Z/Season 08/Dragonball Z - S08E33 - Ready to Fuse.avi
DRY   DBZ - 253 Union Of Rivals.avi
   -> /media/madmaxlgndklr/media31/Shows/Dragonball Z/Season 08/Dragonball Z - S08E34 - Union of Rivals.avi
DRY   DBZ - 254 Meet Vegito.avi
   -> /media/madmaxlgndklr/media31/Shows/Dragonball Z/Season 09/Dragonball Z - S09E01 - Meet Vegito.avi
DRY   DBZ - 255 Rip In the Universe.avi
   -> /media/madmaxlgndklr/media31/Shows/Dragonball Z/Season 09/Dragonball Z - S09E02 - Rip in the Universe.avi
DRY   DBZ - 256 Vegito..... Downsized.avi
   -> /media/madmaxlgndklr/media31/Shows/Dragonball Z/Season 09/Dragonball Z - S09E03 - Vegito... Downsized.avi
DRY   DBZ - 257 The Incredible Fighting Candy.avi
   -> /media/madmaxlgndklr/media31/Shows/Dragonball Z/Season 09/Dragonball Z - S09E04 - The Incredible Fighting Candy.avi
DRY   DBZ - 258 The Innards Of Buu.avi
   -> /media/madmaxlgndklr/media31/Shows/Dragonball Z/Season 09/Dragonball Z - S09E05 - The Innards of Buu.avi
DRY   DBZ - 259 Mind Trap.avi
   -> /media/madmaxlgndklr/media31/Shows/Dragonball Z/Season 09/Dragonball Z - S09E06 - Mind Trap.avi
DRY   DBZ - 260 Deadly Vision.avi
   -> /media/madmaxlgndklr/media31/Shows/Dragonball Z/Season 09/Dragonball Z - S09E07 - Deadly Vision.avi
DRY   DBZ - 261 - Evil Kid Buu.avi
   -> /media/madmaxlgndklr/media31/Shows/Dragonball Z/Season 09/Dragonball Z - S09E08 - Evil Kid Buu.avi
DRY   DBZ - 262 End of Earth.avi
   -> /media/madmaxlgndklr/media31/Shows/Dragonball Z/Season 09/Dragonball Z - S09E09 - End of Earth.avi
DRY   DBZ - 263 True Saiyans Fight Alone.avi
   -> /media/madmaxlgndklr/media31/Shows/Dragonball Z/Season 09/Dragonball Z - S09E10 - True Saiyans Fight Alone.avi
DRY   DBZ - 264 Battle For The Universe Begins.avi
   -> /media/madmaxlgndklr/media31/Shows/Dragonball Z/Season 09/Dragonball Z - S09E11 - Battle for the Universe Begins.avi
DRY   DBZ - 265 Vegeta's Respect.avi
   -> /media/madmaxlgndklr/media31/Shows/Dragonball Z/Season 09/Dragonball Z - S09E12 - Vegeta's Respect.avi
DRY   DBZ - 266 Minute Of Desperation.avi
   -> /media/madmaxlgndklr/media31/Shows/Dragonball Z/Season 09/Dragonball Z - S09E13 - Minute of Desperation.avi
DRY   DBZ - 267 Old Buu Emerges.avi
   -> /media/madmaxlgndklr/media31/Shows/Dragonball Z/Season 09/Dragonball Z - S09E14 - Old Buu Emerges.avi
DRY   DBZ - 268 Earth Reborn.avi
   -> /media/madmaxlgndklr/media31/Shows/Dragonball Z/Season 09/Dragonball Z - S09E15 - Earth Reborn.avi
DRY   DBZ - 269 Call To Action.avi
   -> /media/madmaxlgndklr/media31/Shows/Dragonball Z/Season 09/Dragonball Z - S09E16 - Call to Action.avi
DRY   DBZ - 270 People Of Earth Unite.avi
   -> /media/madmaxlgndklr/media31/Shows/Dragonball Z/Season 09/Dragonball Z - S09E17 - People of Earth Unite.avi
DRY   DBZ - 271 Spirit Bomb Triumphant.avi
   -> /media/madmaxlgndklr/media31/Shows/Dragonball Z/Season 09/Dragonball Z - S09E18 - Spirit Bomb Triumphant.avi
DRY   DBZ - 272 Celebrations With Majin Buu.avi
   -> /media/madmaxlgndklr/media31/Shows/Dragonball Z/Season 09/Dragonball Z - S09E19 - Celebrations with Majin Buu.avi
DRY   DBZ - 273 - He Is Always Late.avi
   -> /media/madmaxlgndklr/media31/Shows/Dragonball Z/Season 09/Dragonball Z - S09E20 - He Is Always Late.avi
DRY   DBZ - 274 Grandaughter Pan.avi
   -> /media/madmaxlgndklr/media31/Shows/Dragonball Z/Season 09/Dragonball Z - S09E21 - Granddaughter Pan.avi
DRY   DBZ - 275 Buu's Reincarnation.avi
   -> /media/madmaxlgndklr/media31/Shows/Dragonball Z/Season 09/Dragonball Z - S09E22 - Buu's Reincarnation.avi
DRY   DBZ - 276 Goku's Next Journey.avi
   -> /media/madmaxlgndklr/media31/Shows/Dragonball Z/Season 09/Dragonball Z - S09E23 - Goku's Next Journey.avi

Summary: moved=79  skipped=0  errors=0

Plan: 79 file operations
DRY   DBZ - 198 Big Trouble, Little Trunks.avi
   -> /media/madmaxlgndklr/media31/Shows/Dragonball Z/Season 07/Dragonball Z - S07E04 - Big Trouble, Little Trunks.avi
DRY   DBZ - 199 Who Will Fight Who.avi
   -> /media/madmaxlgndklr/media31/Shows/Dragonball Z/Season 07/Dragonball Z - S07E05 - Who Will Fight Who.avi
DRY   DBZ - 200 Forfeit Of Piccolo.avi
   -> /media/madmaxlgndklr/media31/Shows/Dragonball Z/Season 07/Dragonball Z - S07E06 - Forfeit of Piccolo.avi
DRY   DBZ - 201 A Dark And Secret Power.avi
   -> /media/madmaxlgndklr/media31/Shows/Dragonball Z/Season 07/Dragonball Z - S07E07 - A Dark and Secret Power.avi
DRY   DBZ - 202 Videl Is Crushed.avi
   -> /media/madmaxlgndklr/media31/Shows/Dragonball Z/Season 07/Dragonball Z - S07E08 - Videl Is Crushed.avi
DRY   DBZ - 203 Identities Revealed.avi
   -> /media/madmaxlgndklr/media31/Shows/Dragonball Z/Season 07/Dragonball Z - S07E09 - Identities Revealed.avi
DRY   DBZ - 204 Energy Drain.avi
   -> /media/madmaxlgndklr/media31/Shows/Dragonball Z/Season 07/Dragonball Z - S07E10 - Energy Drain.avi
DRY   DBZ - 205 - The Wizards Curse.avi
   -> /media/madmaxlgndklr/media31/Shows/Dragonball Z/Season 07/Dragonball Z - S07E11 - The Wizard's Curse.avi
DRY   DBZ - 206 - King Of The Demons.avi
   -> /media/madmaxlgndklr/media31/Shows/Dragonball Z/Season 07/Dragonball Z - S07E12 - King of the Demons.avi
DRY   DBZ - 207 Vegeta attacks.avi
   -> /media/madmaxlgndklr/media31/Shows/Dragonball Z/Season 07/Dragonball Z - S07E13 - Vegeta Attacks.avi
DRY   DBZ - 208 Next Up Goku.avi
   -> /media/madmaxlgndklr/media31/Shows/Dragonball Z/Season 07/Dragonball Z - S07E14 - Next Up, Goku.avi
DRY   DBZ - 209 Battle Supreme.avi
   -> /media/madmaxlgndklr/media31/Shows/Dragonball Z/Season 07/Dragonball Z - S07E15 - Battle Supreme.avi
DRY   DBZ - 210 Eighteen Unmasks.avi
   -> /media/madmaxlgndklr/media31/Shows/Dragonball Z/Season 07/Dragonball Z - S07E16 - Eighteen Unmasks.avi
DRY   DBZ - 211 - Pay To Win.avi
   -> /media/madmaxlgndklr/media31/Shows/Dragonball Z/Season 07/Dragonball Z - S07E17 - Pay to Win.avi
DRY   DBZ - 212 - Heart of a Villain.avi
   -> /media/madmaxlgndklr/media31/Shows/Dragonball Z/Season 07/Dragonball Z - S07E18 - Heart of a Villain.avi
DRY   DBZ - 213 The Dark Prince Returns.avi
   -> /media/madmaxlgndklr/media31/Shows/Dragonball Z/Season 07/Dragonball Z - S07E19 - The Dark Prince Returns.avi
DRY   DBZ - 214 - Vegeta's Pride.avi
   -> /media/madmaxlgndklr/media31/Shows/Dragonball Z/Season 07/Dragonball Z - S07E20 - Vegeta's Pride.avi
DRY   DBZ - 215 The Long Awaited Fight.avi
   -> /media/madmaxlgndklr/media31/Shows/Dragonball Z/Season 07/Dragonball Z - S07E21 - The Long Awaited Fight.avi
DRY   DBZ - 216 Magic Ball Of Buu.avi
   -> /media/madmaxlgndklr/media31/Shows/Dragonball Z/Season 07/Dragonball Z - S07E22 - Magic Ball of Buu.avi
DRY   DBZ - 217 Buu Is Hatched.avi
   -> /media/madmaxlgndklr/media31/Shows/Dragonball Z/Season 07/Dragonball Z - S07E23 - Buu Is Hatched.avi
DRY   DBZ - 218 The Losses Begin.avi
   -> /media/madmaxlgndklr/media31/Shows/Dragonball Z/Season 07/Dragonball Z - S07E24 - The Losses Begin.avi
DRY   DBZ - 219 The Terror of Mr. Buu.avi
   -> /media/madmaxlgndklr/media31/Shows/Dragonball Z/Season 07/Dragonball Z - S07E25 - The Terror of Mr. Buu.avi
DRY   DBZ - 220 Meal Time.avi
   -> /media/madmaxlgndklr/media31/Shows/Dragonball Z/Season 08/Dragonball Z - S08E01 - Meal Time.avi
DRY   DBZ - 221 - The Warriors Decision.avi
   -> /media/madmaxlgndklr/media31/Shows/Dragonball Z/Season 08/Dragonball Z - S08E02 - The Warrior's Decision.avi
DRY   DBZ - 222 Final Atonement.avi
   -> /media/madmaxlgndklr/media31/Shows/Dragonball Z/Season 08/Dragonball Z - S08E03 - Final Atonement.avi
DRY   DBZ - 223 Evil Lives On.avi
   -> /media/madmaxlgndklr/media31/Shows/Dragonball Z/Season 08/Dragonball Z - S08E04 - Evil Lives On.avi
DRY   DBZ - 224 - Find The Dragonballs [AHQ].avi
   -> /media/madmaxlgndklr/media31/Shows/Dragonball Z/Season 08/Dragonball Z - S08E05 - Find the Dragonballs.avi
DRY   DBZ - 225 Revival.avi
   -> /media/madmaxlgndklr/media31/Shows/Dragonball Z/Season 08/Dragonball Z - S08E06 - Revival.avi
DRY   DBZ - 226 Global Announcement.avi
   -> /media/madmaxlgndklr/media31/Shows/Dragonball Z/Season 08/Dragonball Z - S08E07 - Global Announcement.avi
DRY   DBZ - 227 Learn To Fuse.avi
   -> /media/madmaxlgndklr/media31/Shows/Dragonball Z/Season 08/Dragonball Z - S08E08 - Learn to Fuse.avi
DRY   DBZ - 228 The Z Sword.avi
   -> /media/madmaxlgndklr/media31/Shows/Dragonball Z/Season 08/Dragonball Z - S08E09 - The Z Sword.avi
DRY   DBZ - 229 Race To Capsule Corp.avi
   -> /media/madmaxlgndklr/media31/Shows/Dragonball Z/Season 08/Dragonball Z - S08E10 - Race to Capsule Corp.avi
DRY   DBZ - 230 Super Saiyan 3.avi
   -> /media/madmaxlgndklr/media31/Shows/Dragonball Z/Season 08/Dragonball Z - S08E11 - Super Saiyan 3.avi
DRY   DBZ - 231 Buu's Mutiny.avi
   -> /media/madmaxlgndklr/media31/Shows/Dragonball Z/Season 08/Dragonball Z - S08E12 - Buu's Mutiny.avi
DRY   DBZ - 232 The Fusion Dance.avi
   -> /media/madmaxlgndklr/media31/Shows/Dragonball Z/Season 08/Dragonball Z - S08E13 - The Fusion Dance.avi
DRY   DBZ - 233 Goku's Time Is Up.avi
   -> /media/madmaxlgndklr/media31/Shows/Dragonball Z/Season 08/Dragonball Z - S08E14 - Goku's Time Is Up.avi
DRY   DBZ - 234 Return To The Other World.avi
   -> /media/madmaxlgndklr/media31/Shows/Dragonball Z/Season 08/Dragonball Z - S08E15 - Return to the Other World.avi
DRY   DBZ - 235 Out From The Broken Sword.avi
   -> /media/madmaxlgndklr/media31/Shows/Dragonball Z/Season 08/Dragonball Z - S08E16 - Out From the Broken Sword.avi
DRY   DBZ - 236 Gotenks Is Born.avi
   -> /media/madmaxlgndklr/media31/Shows/Dragonball Z/Season 08/Dragonball Z - S08E17 - Gotenks Is Born.avi
DRY   DBZ - 237 Unlikely Friendship.avi
   -> /media/madmaxlgndklr/media31/Shows/Dragonball Z/Season 08/Dragonball Z - S08E18 - Unlikely Friendship.avi
DRY   DBZ - 238 I Kill No More.avi
   -> /media/madmaxlgndklr/media31/Shows/Dragonball Z/Season 08/Dragonball Z - S08E19 - I Kill No More.avi
DRY   DBZ - 239 The Evil Of Men.avi
   -> /media/madmaxlgndklr/media31/Shows/Dragonball Z/Season 08/Dragonball Z - S08E20 - The Evil of Men.avi
DRY   DBZ - 240 Buu Against Buu.avi
   -> /media/madmaxlgndklr/media31/Shows/Dragonball Z/Season 08/Dragonball Z - S08E21 - Buu Against Buu.avi
DRY   DBZ - 241 Empty Planet.avi
   -> /media/madmaxlgndklr/media31/Shows/Dragonball Z/Season 08/Dragonball Z - S08E22 - Empty Planet.avi
DRY   DBZ - 242 Time Struggle.avi
   -> /media/madmaxlgndklr/media31/Shows/Dragonball Z/Season 08/Dragonball Z - S08E23 - Time Struggle.avi
DRY   DBZ - 243 Super Moves Of Gotenks.avi
   -> /media/madmaxlgndklr/media31/Shows/Dragonball Z/Season 08/Dragonball Z - S08E24 - Super Moves of Gotenks.avi
DRY   DBZ - 244 Trapped In Forever.avi
   -> /media/madmaxlgndklr/media31/Shows/Dragonball Z/Season 08/Dragonball Z - S08E25 - Trapped in Forever.avi
DRY   DBZ - 245 Feeding Frenzy.avi
   -> /media/madmaxlgndklr/media31/Shows/Dragonball Z/Season 08/Dragonball Z - S08E26 - Feeding Frenzy.avi
DRY   DBZ - 246 Gotenks Is Awesome!.avi
   -> /media/madmaxlgndklr/media31/Shows/Dragonball Z/Season 08/Dragonball Z - S08E27 - Gotenks Is Awesome!.avi
DRY   DBZ - 247 Unlucky Break.avi
   -> /media/madmaxlgndklr/media31/Shows/Dragonball Z/Season 08/Dragonball Z - S08E28 - Unlucky Break.avi
DRY   DBZ - 248 A Whole New Gohan.avi
   -> /media/madmaxlgndklr/media31/Shows/Dragonball Z/Season 08/Dragonball Z - S08E29 - A Whole New Gohan.avi
DRY   DBZ - 249 Search For Survivors.avi
   -> /media/madmaxlgndklr/media31/Shows/Dragonball Z/Season 08/Dragonball Z - S08E30 - Search for Survivors.avi
DRY   DBZ - 250 Majin Buu Transforms.avi
   -> /media/madmaxlgndklr/media31/Shows/Dragonball Z/Season 08/Dragonball Z - S08E31 - Majin Buu Transforms.avi
DRY   DBZ - 251The Old Kai's Weapon.avi
   -> /media/madmaxlgndklr/media31/Shows/Dragonball Z/Season 08/Dragonball Z - S08E32 - The Old Kai's Weapon.avi
DRY   DBZ - 252 Ready To Fuse.avi
   -> /media/madmaxlgndklr/media31/Shows/Dragonball Z/Season 08/Dragonball Z - S08E33 - Ready to Fuse.avi
DRY   DBZ - 253 Union Of Rivals.avi
   -> /media/madmaxlgndklr/media31/Shows/Dragonball Z/Season 08/Dragonball Z - S08E34 - Union of Rivals.avi
DRY   DBZ - 254 Meet Vegito.avi
   -> /media/madmaxlgndklr/media31/Shows/Dragonball Z/Season 09/Dragonball Z - S09E01 - Meet Vegito.avi
DRY   DBZ - 255 Rip In the Universe.avi
   -> /media/madmaxlgndklr/media31/Shows/Dragonball Z/Season 09/Dragonball Z - S09E02 - Rip in the Universe.avi
DRY   DBZ - 256 Vegito..... Downsized.avi
   -> /media/madmaxlgndklr/media31/Shows/Dragonball Z/Season 09/Dragonball Z - S09E03 - Vegito... Downsized.avi
DRY   DBZ - 257 The Incredible Fighting Candy.avi
   -> /media/madmaxlgndklr/media31/Shows/Dragonball Z/Season 09/Dragonball Z - S09E04 - The Incredible Fighting Candy.avi
DRY   DBZ - 258 The Innards Of Buu.avi
   -> /media/madmaxlgndklr/media31/Shows/Dragonball Z/Season 09/Dragonball Z - S09E05 - The Innards of Buu.avi
DRY   DBZ - 259 Mind Trap.avi
   -> /media/madmaxlgndklr/media31/Shows/Dragonball Z/Season 09/Dragonball Z - S09E06 - Mind Trap.avi
DRY   DBZ - 260 Deadly Vision.avi
   -> /media/madmaxlgndklr/media31/Shows/Dragonball Z/Season 09/Dragonball Z - S09E07 - Deadly Vision.avi
DRY   DBZ - 261 - Evil Kid Buu.avi
   -> /media/madmaxlgndklr/media31/Shows/Dragonball Z/Season 09/Dragonball Z - S09E08 - Evil Kid Buu.avi
DRY   DBZ - 262 End of Earth.avi
   -> /media/madmaxlgndklr/media31/Shows/Dragonball Z/Season 09/Dragonball Z - S09E09 - End of Earth.avi
DRY   DBZ - 263 True Saiyans Fight Alone.avi
   -> /media/madmaxlgndklr/media31/Shows/Dragonball Z/Season 09/Dragonball Z - S09E10 - True Saiyans Fight Alone.avi
DRY   DBZ - 264 Battle For The Universe Begins.avi
   -> /media/madmaxlgndklr/media31/Shows/Dragonball Z/Season 09/Dragonball Z - S09E11 - Battle for the Universe Begins.avi
DRY   DBZ - 265 Vegeta's Respect.avi
   -> /media/madmaxlgndklr/media31/Shows/Dragonball Z/Season 09/Dragonball Z - S09E12 - Vegeta's Respect.avi
DRY   DBZ - 266 Minute Of Desperation.avi
   -> /media/madmaxlgndklr/media31/Shows/Dragonball Z/Season 09/Dragonball Z - S09E13 - Minute of Desperation.avi
DRY   DBZ - 267 Old Buu Emerges.avi
   -> /media/madmaxlgndklr/media31/Shows/Dragonball Z/Season 09/Dragonball Z - S09E14 - Old Buu Emerges.avi
DRY   DBZ - 268 Earth Reborn.avi
   -> /media/madmaxlgndklr/media31/Shows/Dragonball Z/Season 09/Dragonball Z - S09E15 - Earth Reborn.avi
DRY   DBZ - 269 Call To Action.avi
   -> /media/madmaxlgndklr/media31/Shows/Dragonball Z/Season 09/Dragonball Z - S09E16 - Call to Action.avi
DRY   DBZ - 270 People Of Earth Unite.avi
   -> /media/madmaxlgndklr/media31/Shows/Dragonball Z/Season 09/Dragonball Z - S09E17 - People of Earth Unite.avi
DRY   DBZ - 271 Spirit Bomb Triumphant.avi
   -> /media/madmaxlgndklr/media31/Shows/Dragonball Z/Season 09/Dragonball Z - S09E18 - Spirit Bomb Triumphant.avi
DRY   DBZ - 272 Celebrations With Majin Buu.avi
   -> /media/madmaxlgndklr/media31/Shows/Dragonball Z/Season 09/Dragonball Z - S09E19 - Celebrations with Majin Buu.avi
DRY   DBZ - 273 - He Is Always Late.avi
   -> /media/madmaxlgndklr/media31/Shows/Dragonball Z/Season 09/Dragonball Z - S09E20 - He Is Always Late.avi
DRY   DBZ - 274 Grandaughter Pan.avi
   -> /media/madmaxlgndklr/media31/Shows/Dragonball Z/Season 09/Dragonball Z - S09E21 - Granddaughter Pan.avi
DRY   DBZ - 275 Buu's Reincarnation.avi
   -> /media/madmaxlgndklr/media31/Shows/Dragonball Z/Season 09/Dragonball Z - S09E22 - Buu's Reincarnation.avi
DRY   DBZ - 276 Goku's Next Journey.avi
   -> /media/madmaxlgndklr/media31/Shows/Dragonball Z/Season 09/Dragonball Z - S09E23 - Goku's Next Journey.avi

Summary: moved=79  skipped=0  errors=0

Plan: 79 file operations
DRY   DBZ - 198 Big Trouble, Little Trunks.avi
   -> /media/madmaxlgndklr/media31/Shows/Dragonball Z/Season 07/Dragonball Z - S07E04 - Big Trouble, Little Trunks.avi
DRY   DBZ - 199 Who Will Fight Who.avi
   -> /media/madmaxlgndklr/media31/Shows/Dragonball Z/Season 07/Dragonball Z - S07E05 - Who Will Fight Who.avi
DRY   DBZ - 200 Forfeit Of Piccolo.avi
   -> /media/madmaxlgndklr/media31/Shows/Dragonball Z/Season 07/Dragonball Z - S07E06 - Forfeit of Piccolo.avi
DRY   DBZ - 201 A Dark And Secret Power.avi
   -> /media/madmaxlgndklr/media31/Shows/Dragonball Z/Season 07/Dragonball Z - S07E07 - A Dark and Secret Power.avi
DRY   DBZ - 202 Videl Is Crushed.avi
   -> /media/madmaxlgndklr/media31/Shows/Dragonball Z/Season 07/Dragonball Z - S07E08 - Videl Is Crushed.avi
DRY   DBZ - 203 Identities Revealed.avi
   -> /media/madmaxlgndklr/media31/Shows/Dragonball Z/Season 07/Dragonball Z - S07E09 - Identities Revealed.avi
DRY   DBZ - 204 Energy Drain.avi
   -> /media/madmaxlgndklr/media31/Shows/Dragonball Z/Season 07/Dragonball Z - S07E10 - Energy Drain.avi
DRY   DBZ - 205 - The Wizards Curse.avi
   -> /media/madmaxlgndklr/media31/Shows/Dragonball Z/Season 07/Dragonball Z - S07E11 - The Wizard's Curse.avi
DRY   DBZ - 206 - King Of The Demons.avi
   -> /media/madmaxlgndklr/media31/Shows/Dragonball Z/Season 07/Dragonball Z - S07E12 - King of the Demons.avi
DRY   DBZ - 207 Vegeta attacks.avi
   -> /media/madmaxlgndklr/media31/Shows/Dragonball Z/Season 07/Dragonball Z - S07E13 - Vegeta Attacks.avi
DRY   DBZ - 208 Next Up Goku.avi
   -> /media/madmaxlgndklr/media31/Shows/Dragonball Z/Season 07/Dragonball Z - S07E14 - Next Up, Goku.avi
DRY   DBZ - 209 Battle Supreme.avi
   -> /media/madmaxlgndklr/media31/Shows/Dragonball Z/Season 07/Dragonball Z - S07E15 - Battle Supreme.avi
DRY   DBZ - 210 Eighteen Unmasks.avi
   -> /media/madmaxlgndklr/media31/Shows/Dragonball Z/Season 07/Dragonball Z - S07E16 - Eighteen Unmasks.avi
DRY   DBZ - 211 - Pay To Win.avi
   -> /media/madmaxlgndklr/media31/Shows/Dragonball Z/Season 07/Dragonball Z - S07E17 - Pay to Win.avi
DRY   DBZ - 212 - Heart of a Villain.avi
   -> /media/madmaxlgndklr/media31/Shows/Dragonball Z/Season 07/Dragonball Z - S07E18 - Heart of a Villain.avi
DRY   DBZ - 213 The Dark Prince Returns.avi
   -> /media/madmaxlgndklr/media31/Shows/Dragonball Z/Season 07/Dragonball Z - S07E19 - The Dark Prince Returns.avi
DRY   DBZ - 214 - Vegeta's Pride.avi
   -> /media/madmaxlgndklr/media31/Shows/Dragonball Z/Season 07/Dragonball Z - S07E20 - Vegeta's Pride.avi
DRY   DBZ - 215 The Long Awaited Fight.avi
   -> /media/madmaxlgndklr/media31/Shows/Dragonball Z/Season 07/Dragonball Z - S07E21 - The Long Awaited Fight.avi
DRY   DBZ - 216 Magic Ball Of Buu.avi
   -> /media/madmaxlgndklr/media31/Shows/Dragonball Z/Season 07/Dragonball Z - S07E22 - Magic Ball of Buu.avi
DRY   DBZ - 217 Buu Is Hatched.avi
   -> /media/madmaxlgndklr/media31/Shows/Dragonball Z/Season 07/Dragonball Z - S07E23 - Buu Is Hatched.avi
DRY   DBZ - 218 The Losses Begin.avi
   -> /media/madmaxlgndklr/media31/Shows/Dragonball Z/Season 07/Dragonball Z - S07E24 - The Losses Begin.avi
DRY   DBZ - 219 The Terror of Mr. Buu.avi
   -> /media/madmaxlgndklr/media31/Shows/Dragonball Z/Season 07/Dragonball Z - S07E25 - The Terror of Mr. Buu.avi
DRY   DBZ - 220 Meal Time.avi
   -> /media/madmaxlgndklr/media31/Shows/Dragonball Z/Season 08/Dragonball Z - S08E01 - Meal Time.avi
DRY   DBZ - 221 - The Warriors Decision.avi
   -> /media/madmaxlgndklr/media31/Shows/Dragonball Z/Season 08/Dragonball Z - S08E02 - The Warrior's Decision.avi
DRY   DBZ - 222 Final Atonement.avi
   -> /media/madmaxlgndklr/media31/Shows/Dragonball Z/Season 08/Dragonball Z - S08E03 - Final Atonement.avi
DRY   DBZ - 223 Evil Lives On.avi
   -> /media/madmaxlgndklr/media31/Shows/Dragonball Z/Season 08/Dragonball Z - S08E04 - Evil Lives On.avi
DRY   DBZ - 224 - Find The Dragonballs [AHQ].avi
   -> /media/madmaxlgndklr/media31/Shows/Dragonball Z/Season 08/Dragonball Z - S08E05 - Find the Dragonballs.avi
DRY   DBZ - 225 Revival.avi
   -> /media/madmaxlgndklr/media31/Shows/Dragonball Z/Season 08/Dragonball Z - S08E06 - Revival.avi
DRY   DBZ - 226 Global Announcement.avi
   -> /media/madmaxlgndklr/media31/Shows/Dragonball Z/Season 08/Dragonball Z - S08E07 - Global Announcement.avi
DRY   DBZ - 227 Learn To Fuse.avi
   -> /media/madmaxlgndklr/media31/Shows/Dragonball Z/Season 08/Dragonball Z - S08E08 - Learn to Fuse.avi
DRY   DBZ - 228 The Z Sword.avi
   -> /media/madmaxlgndklr/media31/Shows/Dragonball Z/Season 08/Dragonball Z - S08E09 - The Z Sword.avi
DRY   DBZ - 229 Race To Capsule Corp.avi
   -> /media/madmaxlgndklr/media31/Shows/Dragonball Z/Season 08/Dragonball Z - S08E10 - Race to Capsule Corp.avi
DRY   DBZ - 230 Super Saiyan 3.avi
   -> /media/madmaxlgndklr/media31/Shows/Dragonball Z/Season 08/Dragonball Z - S08E11 - Super Saiyan 3.avi
DRY   DBZ - 231 Buu's Mutiny.avi
   -> /media/madmaxlgndklr/media31/Shows/Dragonball Z/Season 08/Dragonball Z - S08E12 - Buu's Mutiny.avi
DRY   DBZ - 232 The Fusion Dance.avi
   -> /media/madmaxlgndklr/media31/Shows/Dragonball Z/Season 08/Dragonball Z - S08E13 - The Fusion Dance.avi
DRY   DBZ - 233 Goku's Time Is Up.avi
   -> /media/madmaxlgndklr/media31/Shows/Dragonball Z/Season 08/Dragonball Z - S08E14 - Goku's Time Is Up.avi
DRY   DBZ - 234 Return To The Other World.avi
   -> /media/madmaxlgndklr/media31/Shows/Dragonball Z/Season 08/Dragonball Z - S08E15 - Return to the Other World.avi
DRY   DBZ - 235 Out From The Broken Sword.avi
   -> /media/madmaxlgndklr/media31/Shows/Dragonball Z/Season 08/Dragonball Z - S08E16 - Out From the Broken Sword.avi
DRY   DBZ - 236 Gotenks Is Born.avi
   -> /media/madmaxlgndklr/media31/Shows/Dragonball Z/Season 08/Dragonball Z - S08E17 - Gotenks Is Born.avi
DRY   DBZ - 237 Unlikely Friendship.avi
   -> /media/madmaxlgndklr/media31/Shows/Dragonball Z/Season 08/Dragonball Z - S08E18 - Unlikely Friendship.avi
DRY   DBZ - 238 I Kill No More.avi
   -> /media/madmaxlgndklr/media31/Shows/Dragonball Z/Season 08/Dragonball Z - S08E19 - I Kill No More.avi
DRY   DBZ - 239 The Evil Of Men.avi
   -> /media/madmaxlgndklr/media31/Shows/Dragonball Z/Season 08/Dragonball Z - S08E20 - The Evil of Men.avi
DRY   DBZ - 240 Buu Against Buu.avi
   -> /media/madmaxlgndklr/media31/Shows/Dragonball Z/Season 08/Dragonball Z - S08E21 - Buu Against Buu.avi
DRY   DBZ - 241 Empty Planet.avi
   -> /media/madmaxlgndklr/media31/Shows/Dragonball Z/Season 08/Dragonball Z - S08E22 - Empty Planet.avi
DRY   DBZ - 242 Time Struggle.avi
   -> /media/madmaxlgndklr/media31/Shows/Dragonball Z/Season 08/Dragonball Z - S08E23 - Time Struggle.avi
DRY   DBZ - 243 Super Moves Of Gotenks.avi
   -> /media/madmaxlgndklr/media31/Shows/Dragonball Z/Season 08/Dragonball Z - S08E24 - Super Moves of Gotenks.avi
DRY   DBZ - 244 Trapped In Forever.avi
   -> /media/madmaxlgndklr/media31/Shows/Dragonball Z/Season 08/Dragonball Z - S08E25 - Trapped in Forever.avi
DRY   DBZ - 245 Feeding Frenzy.avi
   -> /media/madmaxlgndklr/media31/Shows/Dragonball Z/Season 08/Dragonball Z - S08E26 - Feeding Frenzy.avi
DRY   DBZ - 246 Gotenks Is Awesome!.avi
   -> /media/madmaxlgndklr/media31/Shows/Dragonball Z/Season 08/Dragonball Z - S08E27 - Gotenks Is Awesome!.avi
DRY   DBZ - 247 Unlucky Break.avi
   -> /media/madmaxlgndklr/media31/Shows/Dragonball Z/Season 08/Dragonball Z - S08E28 - Unlucky Break.avi
DRY   DBZ - 248 A Whole New Gohan.avi
   -> /media/madmaxlgndklr/media31/Shows/Dragonball Z/Season 08/Dragonball Z - S08E29 - A Whole New Gohan.avi
DRY   DBZ - 249 Search For Survivors.avi
   -> /media/madmaxlgndklr/media31/Shows/Dragonball Z/Season 08/Dragonball Z - S08E30 - Search for Survivors.avi
DRY   DBZ - 250 Majin Buu Transforms.avi
   -> /media/madmaxlgndklr/media31/Shows/Dragonball Z/Season 08/Dragonball Z - S08E31 - Majin Buu Transforms.avi
DRY   DBZ - 251The Old Kai's Weapon.avi
   -> /media/madmaxlgndklr/media31/Shows/Dragonball Z/Season 08/Dragonball Z - S08E32 - The Old Kai's Weapon.avi
DRY   DBZ - 252 Ready To Fuse.avi
   -> /media/madmaxlgndklr/media31/Shows/Dragonball Z/Season 08/Dragonball Z - S08E33 - Ready to Fuse.avi
DRY   DBZ - 253 Union Of Rivals.avi
   -> /media/madmaxlgndklr/media31/Shows/Dragonball Z/Season 08/Dragonball Z - S08E34 - Union of Rivals.avi
DRY   DBZ - 254 Meet Vegito.avi
   -> /media/madmaxlgndklr/media31/Shows/Dragonball Z/Season 09/Dragonball Z - S09E01 - Meet Vegito.avi
DRY   DBZ - 255 Rip In the Universe.avi
   -> /media/madmaxlgndklr/media31/Shows/Dragonball Z/Season 09/Dragonball Z - S09E02 - Rip in the Universe.avi
DRY   DBZ - 256 Vegito..... Downsized.avi
   -> /media/madmaxlgndklr/media31/Shows/Dragonball Z/Season 09/Dragonball Z - S09E03 - Vegito... Downsized.avi
DRY   DBZ - 257 The Incredible Fighting Candy.avi
   -> /media/madmaxlgndklr/media31/Shows/Dragonball Z/Season 09/Dragonball Z - S09E04 - The Incredible Fighting Candy.avi
DRY   DBZ - 258 The Innards Of Buu.avi
   -> /media/madmaxlgndklr/media31/Shows/Dragonball Z/Season 09/Dragonball Z - S09E05 - The Innards of Buu.avi
DRY   DBZ - 259 Mind Trap.avi
   -> /media/madmaxlgndklr/media31/Shows/Dragonball Z/Season 09/Dragonball Z - S09E06 - Mind Trap.avi
DRY   DBZ - 260 Deadly Vision.avi
   -> /media/madmaxlgndklr/media31/Shows/Dragonball Z/Season 09/Dragonball Z - S09E07 - Deadly Vision.avi
DRY   DBZ - 261 - Evil Kid Buu.avi
   -> /media/madmaxlgndklr/media31/Shows/Dragonball Z/Season 09/Dragonball Z - S09E08 - Evil Kid Buu.avi
DRY   DBZ - 262 End of Earth.avi
   -> /media/madmaxlgndklr/media31/Shows/Dragonball Z/Season 09/Dragonball Z - S09E09 - End of Earth.avi
DRY   DBZ - 263 True Saiyans Fight Alone.avi
   -> /media/madmaxlgndklr/media31/Shows/Dragonball Z/Season 09/Dragonball Z - S09E10 - True Saiyans Fight Alone.avi
DRY   DBZ - 264 Battle For The Universe Begins.avi
   -> /media/madmaxlgndklr/media31/Shows/Dragonball Z/Season 09/Dragonball Z - S09E11 - Battle for the Universe Begins.avi
DRY   DBZ - 265 Vegeta's Respect.avi
   -> /media/madmaxlgndklr/media31/Shows/Dragonball Z/Season 09/Dragonball Z - S09E12 - Vegeta's Respect.avi
DRY   DBZ - 266 Minute Of Desperation.avi
   -> /media/madmaxlgndklr/media31/Shows/Dragonball Z/Season 09/Dragonball Z - S09E13 - Minute of Desperation.avi
DRY   DBZ - 267 Old Buu Emerges.avi
   -> /media/madmaxlgndklr/media31/Shows/Dragonball Z/Season 09/Dragonball Z - S09E14 - Old Buu Emerges.avi
DRY   DBZ - 268 Earth Reborn.avi
   -> /media/madmaxlgndklr/media31/Shows/Dragonball Z/Season 09/Dragonball Z - S09E15 - Earth Reborn.avi
DRY   DBZ - 269 Call To Action.avi
   -> /media/madmaxlgndklr/media31/Shows/Dragonball Z/Season 09/Dragonball Z - S09E16 - Call to Action.avi
DRY   DBZ - 270 People Of Earth Unite.avi
   -> /media/madmaxlgndklr/media31/Shows/Dragonball Z/Season 09/Dragonball Z - S09E17 - People of Earth Unite.avi
DRY   DBZ - 271 Spirit Bomb Triumphant.avi
   -> /media/madmaxlgndklr/media31/Shows/Dragonball Z/Season 09/Dragonball Z - S09E18 - Spirit Bomb Triumphant.avi
DRY   DBZ - 272 Celebrations With Majin Buu.avi
   -> /media/madmaxlgndklr/media31/Shows/Dragonball Z/Season 09/Dragonball Z - S09E19 - Celebrations with Majin Buu.avi
DRY   DBZ - 273 - He Is Always Late.avi
   -> /media/madmaxlgndklr/media31/Shows/Dragonball Z/Season 09/Dragonball Z - S09E20 - He Is Always Late.avi
DRY   DBZ - 274 Grandaughter Pan.avi
   -> /media/madmaxlgndklr/media31/Shows/Dragonball Z/Season 09/Dragonball Z - S09E21 - Granddaughter Pan.avi
DRY   DBZ - 275 Buu's Reincarnation.avi
   -> /media/madmaxlgndklr/media31/Shows/Dragonball Z/Season 09/Dragonball Z - S09E22 - Buu's Reincarnation.avi
DRY   DBZ - 276 Goku's Next Journey.avi
   -> /media/madmaxlgndklr/media31/Shows/Dragonball Z/Season 09/Dragonball Z - S09E23 - Goku's Next Journey.avi

Summary: moved=79  skipped=0  errors=0

Plan: 79 file operations
MOVE  DBZ - 198 Big Trouble, Little Trunks.avi
   -> /media/madmaxlgndklr/media31/Shows/Dragonball Z/Season 07/Dragonball Z - S07E04 - Big Trouble, Little Trunks.avi
MOVE  DBZ - 199 Who Will Fight Who.avi
   -> /media/madmaxlgndklr/media31/Shows/Dragonball Z/Season 07/Dragonball Z - S07E05 - Who Will Fight Who.avi
MOVE  DBZ - 200 Forfeit Of Piccolo.avi
   -> /media/madmaxlgndklr/media31/Shows/Dragonball Z/Season 07/Dragonball Z - S07E06 - Forfeit of Piccolo.avi
MOVE  DBZ - 201 A Dark And Secret Power.avi
   -> /media/madmaxlgndklr/media31/Shows/Dragonball Z/Season 07/Dragonball Z - S07E07 - A Dark and Secret Power.avi
MOVE  DBZ - 202 Videl Is Crushed.avi
   -> /media/madmaxlgndklr/media31/Shows/Dragonball Z/Season 07/Dragonball Z - S07E08 - Videl Is Crushed.avi
MOVE  DBZ - 203 Identities Revealed.avi
   -> /media/madmaxlgndklr/media31/Shows/Dragonball Z/Season 07/Dragonball Z - S07E09 - Identities Revealed.avi
MOVE  DBZ - 204 Energy Drain.avi
   -> /media/madmaxlgndklr/media31/Shows/Dragonball Z/Season 07/Dragonball Z - S07E10 - Energy Drain.avi
MOVE  DBZ - 205 - The Wizards Curse.avi
   -> /media/madmaxlgndklr/media31/Shows/Dragonball Z/Season 07/Dragonball Z - S07E11 - The Wizard's Curse.avi
MOVE  DBZ - 206 - King Of The Demons.avi
   -> /media/madmaxlgndklr/media31/Shows/Dragonball Z/Season 07/Dragonball Z - S07E12 - King of the Demons.avi
MOVE  DBZ - 207 Vegeta attacks.avi
   -> /media/madmaxlgndklr/media31/Shows/Dragonball Z/Season 07/Dragonball Z - S07E13 - Vegeta Attacks.avi
MOVE  DBZ - 208 Next Up Goku.avi
   -> /media/madmaxlgndklr/media31/Shows/Dragonball Z/Season 07/Dragonball Z - S07E14 - Next Up, Goku.avi
MOVE  DBZ - 209 Battle Supreme.avi
   -> /media/madmaxlgndklr/media31/Shows/Dragonball Z/Season 07/Dragonball Z - S07E15 - Battle Supreme.avi
MOVE  DBZ - 210 Eighteen Unmasks.avi
   -> /media/madmaxlgndklr/media31/Shows/Dragonball Z/Season 07/Dragonball Z - S07E16 - Eighteen Unmasks.avi
MOVE  DBZ - 211 - Pay To Win.avi
   -> /media/madmaxlgndklr/media31/Shows/Dragonball Z/Season 07/Dragonball Z - S07E17 - Pay to Win.avi
MOVE  DBZ - 212 - Heart of a Villain.avi
   -> /media/madmaxlgndklr/media31/Shows/Dragonball Z/Season 07/Dragonball Z - S07E18 - Heart of a Villain.avi
MOVE  DBZ - 213 The Dark Prince Returns.avi
   -> /media/madmaxlgndklr/media31/Shows/Dragonball Z/Season 07/Dragonball Z - S07E19 - The Dark Prince Returns.avi
MOVE  DBZ - 214 - Vegeta's Pride.avi
   -> /media/madmaxlgndklr/media31/Shows/Dragonball Z/Season 07/Dragonball Z - S07E20 - Vegeta's Pride.avi
MOVE  DBZ - 215 The Long Awaited Fight.avi
   -> /media/madmaxlgndklr/media31/Shows/Dragonball Z/Season 07/Dragonball Z - S07E21 - The Long Awaited Fight.avi
MOVE  DBZ - 216 Magic Ball Of Buu.avi
   -> /media/madmaxlgndklr/media31/Shows/Dragonball Z/Season 07/Dragonball Z - S07E22 - Magic Ball of Buu.avi
MOVE  DBZ - 217 Buu Is Hatched.avi
   -> /media/madmaxlgndklr/media31/Shows/Dragonball Z/Season 07/Dragonball Z - S07E23 - Buu Is Hatched.avi
MOVE  DBZ - 218 The Losses Begin.avi
   -> /media/madmaxlgndklr/media31/Shows/Dragonball Z/Season 07/Dragonball Z - S07E24 - The Losses Begin.avi
MOVE  DBZ - 219 The Terror of Mr. Buu.avi
   -> /media/madmaxlgndklr/media31/Shows/Dragonball Z/Season 07/Dragonball Z - S07E25 - The Terror of Mr. Buu.avi
MOVE  DBZ - 220 Meal Time.avi
   -> /media/madmaxlgndklr/media31/Shows/Dragonball Z/Season 08/Dragonball Z - S08E01 - Meal Time.avi
MOVE  DBZ - 221 - The Warriors Decision.avi
   -> /media/madmaxlgndklr/media31/Shows/Dragonball Z/Season 08/Dragonball Z - S08E02 - The Warrior's Decision.avi
MOVE  DBZ - 222 Final Atonement.avi
   -> /media/madmaxlgndklr/media31/Shows/Dragonball Z/Season 08/Dragonball Z - S08E03 - Final Atonement.avi
MOVE  DBZ - 223 Evil Lives On.avi
   -> /media/madmaxlgndklr/media31/Shows/Dragonball Z/Season 08/Dragonball Z - S08E04 - Evil Lives On.avi
MOVE  DBZ - 224 - Find The Dragonballs [AHQ].avi
   -> /media/madmaxlgndklr/media31/Shows/Dragonball Z/Season 08/Dragonball Z - S08E05 - Find the Dragonballs.avi
MOVE  DBZ - 225 Revival.avi
   -> /media/madmaxlgndklr/media31/Shows/Dragonball Z/Season 08/Dragonball Z - S08E06 - Revival.avi
MOVE  DBZ - 226 Global Announcement.avi
   -> /media/madmaxlgndklr/media31/Shows/Dragonball Z/Season 08/Dragonball Z - S08E07 - Global Announcement.avi
MOVE  DBZ - 227 Learn To Fuse.avi
   -> /media/madmaxlgndklr/media31/Shows/Dragonball Z/Season 08/Dragonball Z - S08E08 - Learn to Fuse.avi
MOVE  DBZ - 228 The Z Sword.avi
   -> /media/madmaxlgndklr/media31/Shows/Dragonball Z/Season 08/Dragonball Z - S08E09 - The Z Sword.avi
MOVE  DBZ - 229 Race To Capsule Corp.avi
   -> /media/madmaxlgndklr/media31/Shows/Dragonball Z/Season 08/Dragonball Z - S08E10 - Race to Capsule Corp.avi
MOVE  DBZ - 230 Super Saiyan 3.avi
   -> /media/madmaxlgndklr/media31/Shows/Dragonball Z/Season 08/Dragonball Z - S08E11 - Super Saiyan 3.avi
MOVE  DBZ - 231 Buu's Mutiny.avi
   -> /media/madmaxlgndklr/media31/Shows/Dragonball Z/Season 08/Dragonball Z - S08E12 - Buu's Mutiny.avi
MOVE  DBZ - 232 The Fusion Dance.avi
   -> /media/madmaxlgndklr/media31/Shows/Dragonball Z/Season 08/Dragonball Z - S08E13 - The Fusion Dance.avi
MOVE  DBZ - 233 Goku's Time Is Up.avi
   -> /media/madmaxlgndklr/media31/Shows/Dragonball Z/Season 08/Dragonball Z - S08E14 - Goku's Time Is Up.avi
MOVE  DBZ - 234 Return To The Other World.avi
   -> /media/madmaxlgndklr/media31/Shows/Dragonball Z/Season 08/Dragonball Z - S08E15 - Return to the Other World.avi
MOVE  DBZ - 235 Out From The Broken Sword.avi
   -> /media/madmaxlgndklr/media31/Shows/Dragonball Z/Season 08/Dragonball Z - S08E16 - Out From the Broken Sword.avi
MOVE  DBZ - 236 Gotenks Is Born.avi
   -> /media/madmaxlgndklr/media31/Shows/Dragonball Z/Season 08/Dragonball Z - S08E17 - Gotenks Is Born.avi
MOVE  DBZ - 237 Unlikely Friendship.avi
   -> /media/madmaxlgndklr/media31/Shows/Dragonball Z/Season 08/Dragonball Z - S08E18 - Unlikely Friendship.avi
MOVE  DBZ - 238 I Kill No More.avi
   -> /media/madmaxlgndklr/media31/Shows/Dragonball Z/Season 08/Dragonball Z - S08E19 - I Kill No More.avi
MOVE  DBZ - 239 The Evil Of Men.avi
   -> /media/madmaxlgndklr/media31/Shows/Dragonball Z/Season 08/Dragonball Z - S08E20 - The Evil of Men.avi
MOVE  DBZ - 240 Buu Against Buu.avi
   -> /media/madmaxlgndklr/media31/Shows/Dragonball Z/Season 08/Dragonball Z - S08E21 - Buu Against Buu.avi
MOVE  DBZ - 241 Empty Planet.avi
   -> /media/madmaxlgndklr/media31/Shows/Dragonball Z/Season 08/Dragonball Z - S08E22 - Empty Planet.avi
MOVE  DBZ - 242 Time Struggle.avi
   -> /media/madmaxlgndklr/media31/Shows/Dragonball Z/Season 08/Dragonball Z - S08E23 - Time Struggle.avi
MOVE  DBZ - 243 Super Moves Of Gotenks.avi
   -> /media/madmaxlgndklr/media31/Shows/Dragonball Z/Season 08/Dragonball Z - S08E24 - Super Moves of Gotenks.avi
MOVE  DBZ - 244 Trapped In Forever.avi
   -> /media/madmaxlgndklr/media31/Shows/Dragonball Z/Season 08/Dragonball Z - S08E25 - Trapped in Forever.avi
MOVE  DBZ - 245 Feeding Frenzy.avi
   -> /media/madmaxlgndklr/media31/Shows/Dragonball Z/Season 08/Dragonball Z - S08E26 - Feeding Frenzy.avi
MOVE  DBZ - 246 Gotenks Is Awesome!.avi
   -> /media/madmaxlgndklr/media31/Shows/Dragonball Z/Season 08/Dragonball Z - S08E27 - Gotenks Is Awesome!.avi
MOVE  DBZ - 247 Unlucky Break.avi
   -> /media/madmaxlgndklr/media31/Shows/Dragonball Z/Season 08/Dragonball Z - S08E28 - Unlucky Break.avi
MOVE  DBZ - 248 A Whole New Gohan.avi
   -> /media/madmaxlgndklr/media31/Shows/Dragonball Z/Season 08/Dragonball Z - S08E29 - A Whole New Gohan.avi
MOVE  DBZ - 249 Search For Survivors.avi
   -> /media/madmaxlgndklr/media31/Shows/Dragonball Z/Season 08/Dragonball Z - S08E30 - Search for Survivors.avi
MOVE  DBZ - 250 Majin Buu Transforms.avi
   -> /media/madmaxlgndklr/media31/Shows/Dragonball Z/Season 08/Dragonball Z - S08E31 - Majin Buu Transforms.avi
MOVE  DBZ - 251The Old Kai's Weapon.avi
   -> /media/madmaxlgndklr/media31/Shows/Dragonball Z/Season 08/Dragonball Z - S08E32 - The Old Kai's Weapon.avi
MOVE  DBZ - 252 Ready To Fuse.avi
   -> /media/madmaxlgndklr/media31/Shows/Dragonball Z/Season 08/Dragonball Z - S08E33 - Ready to Fuse.avi
MOVE  DBZ - 253 Union Of Rivals.avi
   -> /media/madmaxlgndklr/media31/Shows/Dragonball Z/Season 08/Dragonball Z - S08E34 - Union of Rivals.avi
MOVE  DBZ - 254 Meet Vegito.avi
   -> /media/madmaxlgndklr/media31/Shows/Dragonball Z/Season 09/Dragonball Z - S09E01 - Meet Vegito.avi
MOVE  DBZ - 255 Rip In the Universe.avi
   -> /media/madmaxlgndklr/media31/Shows/Dragonball Z/Season 09/Dragonball Z - S09E02 - Rip in the Universe.avi
MOVE  DBZ - 256 Vegito..... Downsized.avi
   -> /media/madmaxlgndklr/media31/Shows/Dragonball Z/Season 09/Dragonball Z - S09E03 - Vegito... Downsized.avi
MOVE  DBZ - 257 The Incredible Fighting Candy.avi
   -> /media/madmaxlgndklr/media31/Shows/Dragonball Z/Season 09/Dragonball Z - S09E04 - The Incredible Fighting Candy.avi
MOVE  DBZ - 258 The Innards Of Buu.avi
   -> /media/madmaxlgndklr/media31/Shows/Dragonball Z/Season 09/Dragonball Z - S09E05 - The Innards of Buu.avi
MOVE  DBZ - 259 Mind Trap.avi
   -> /media/madmaxlgndklr/media31/Shows/Dragonball Z/Season 09/Dragonball Z - S09E06 - Mind Trap.avi
MOVE  DBZ - 260 Deadly Vision.avi
   -> /media/madmaxlgndklr/media31/Shows/Dragonball Z/Season 09/Dragonball Z - S09E07 - Deadly Vision.avi
MOVE  DBZ - 261 - Evil Kid Buu.avi
   -> /media/madmaxlgndklr/media31/Shows/Dragonball Z/Season 09/Dragonball Z - S09E08 - Evil Kid Buu.avi
MOVE  DBZ - 262 End of Earth.avi
   -> /media/madmaxlgndklr/media31/Shows/Dragonball Z/Season 09/Dragonball Z - S09E09 - End of Earth.avi
MOVE  DBZ - 263 True Saiyans Fight Alone.avi
   -> /media/madmaxlgndklr/media31/Shows/Dragonball Z/Season 09/Dragonball Z - S09E10 - True Saiyans Fight Alone.avi
MOVE  DBZ - 264 Battle For The Universe Begins.avi
   -> /media/madmaxlgndklr/media31/Shows/Dragonball Z/Season 09/Dragonball Z - S09E11 - Battle for the Universe Begins.avi
MOVE  DBZ - 265 Vegeta's Respect.avi
   -> /media/madmaxlgndklr/media31/Shows/Dragonball Z/Season 09/Dragonball Z - S09E12 - Vegeta's Respect.avi
MOVE  DBZ - 266 Minute Of Desperation.avi
   -> /media/madmaxlgndklr/media31/Shows/Dragonball Z/Season 09/Dragonball Z - S09E13 - Minute of Desperation.avi
MOVE  DBZ - 267 Old Buu Emerges.avi
   -> /media/madmaxlgndklr/media31/Shows/Dragonball Z/Season 09/Dragonball Z - S09E14 - Old Buu Emerges.avi
MOVE  DBZ - 268 Earth Reborn.avi
   -> /media/madmaxlgndklr/media31/Shows/Dragonball Z/Season 09/Dragonball Z - S09E15 - Earth Reborn.avi
MOVE  DBZ - 269 Call To Action.avi
   -> /media/madmaxlgndklr/media31/Shows/Dragonball Z/Season 09/Dragonball Z - S09E16 - Call to Action.avi
MOVE  DBZ - 270 People Of Earth Unite.avi
   -> /media/madmaxlgndklr/media31/Shows/Dragonball Z/Season 09/Dragonball Z - S09E17 - People of Earth Unite.avi
MOVE  DBZ - 271 Spirit Bomb Triumphant.avi
   -> /media/madmaxlgndklr/media31/Shows/Dragonball Z/Season 09/Dragonball Z - S09E18 - Spirit Bomb Triumphant.avi
MOVE  DBZ - 272 Celebrations With Majin Buu.avi
   -> /media/madmaxlgndklr/media31/Shows/Dragonball Z/Season 09/Dragonball Z - S09E19 - Celebrations with Majin Buu.avi
MOVE  DBZ - 273 - He Is Always Late.avi
   -> /media/madmaxlgndklr/media31/Shows/Dragonball Z/Season 09/Dragonball Z - S09E20 - He Is Always Late.avi
MOVE  DBZ - 274 Grandaughter Pan.avi
   -> /media/madmaxlgndklr/media31/Shows/Dragonball Z/Season 09/Dragonball Z - S09E21 - Granddaughter Pan.avi
MOVE  DBZ - 275 Buu's Reincarnation.avi
   -> /media/madmaxlgndklr/media31/Shows/Dragonball Z/Season 09/Dragonball Z - S09E22 - Buu's Reincarnation.avi
MOVE  DBZ - 276 Goku's Next Journey.avi
   -> /media/madmaxlgndklr/media31/Shows/Dragonball Z/Season 09/Dragonball Z - S09E23 - Goku's Next Journey.avi

Summary: moved=79  skipped=0  errors=0
